[INFO      ] - Запуск программы
[INFO      ] - Начинаю обработку id
[INFO      ] - Получено 3 фотографий профиля 391653357
[INFO      ] - Начинаю обработку фотографий
[INFO      ] - На фотографии №1 58 лайков
[INFO      ] - Фотография №1 сохранена по пути temp/58.jpg
[INFO      ] - Ответ API Диска - <Response [201]>
[INFO      ] - Фотография №1 сохранена на Диск
[INFO      ] - На фотографии №2 57 лайков
[INFO      ] - Фотография №2 сохранена по пути temp/57.jpg
[INFO      ] - Ответ API Диска - <Response [201]>
[INFO      ] - Фотография №2 сохранена на Диск
[INFO      ] - На фотографии №3 37 лайков
[INFO      ] - Фотография №3 сохранена по пути temp/37.jpg
[INFO      ] - Ответ API Диска - <Response [201]>
[INFO      ] - Фотография №3 сохранена на Диск
[INFO      ] - Получено 3 фотографий профиля 1
[INFO      ] - Начинаю обработку фотографий
[INFO      ] - На фотографии №1 270543 лайков
[INFO      ] - Фотография №1 сохранена по пути temp/270543.jpg
[INFO      ] - Ответ API Диска - <Response [201]>
[INFO      ] - Фотография №1 сохранена на Диск
[INFO      ] - На фотографии №2 574918 лайков
[INFO      ] - Фотография №2 сохранена по пути temp/574918.jpg
[INFO      ] - Ответ API Диска - <Response [201]>
[INFO      ] - Фотография №2 сохранена на Диск
[INFO      ] - На фотографии №3 1475900 лайков
[INFO      ] - Фотография №3 сохранена по пути temp/1475900.jpg
[INFO      ] - Ответ API Диска - <Response [201]>
[INFO      ] - Фотография №3 сохранена на Диск
[INFO      ] - JSON-файл с данными о файлах сохранен
